# JRE version: Java(TM) SE Runtime Environment (7.0_79-b15) (build 1.7.0_79-b15)
# Java VM: Java HotSpot(TM) Client VM (24.79-b02 mixed mode, sharing windows-x86 )
Heap
 def new generation   total 4928K, used 112K [0x27200000, 0x27750000, 0x2c750000)
  eden space 4416K,   2% used [0x27200000, 0x27217178, 0x27650000)
  from space 512K,   3% used [0x276d0000, 0x276d5038, 0x27750000)
  to   space 512K,   0% used [0x27650000, 0x27650000, 0x276d0000)
 tenured generation   total 10944K, used 270K [0x2c750000, 0x2d200000, 0x37200000)
   the space 10944K,   2% used [0x2c750000, 0x2c7938c0, 0x2c793a00, 0x2d200000)
 compacting perm gen  total 12288K, used 638K [0x37200000, 0x37e00000, 0x3b200000)
   the space 12288K,   5% used [0x37200000, 0x3729f968, 0x3729fa00, 0x37e00000)
    ro space 10240K,  44% used [0x3b200000, 0x3b67c1d8, 0x3b67c200, 0x3bc00000)
    rw space 12288K,  52% used [0x3bc00000, 0x3c2440c0, 0x3c244200, 0x3c800000)
GC Heap History (10 events):
Event: 62.498 GC heap before
{Heap before GC invocations=96 (full 0):
 def new generation   total 4928K, used 4437K [0x27200000, 0x27750000, 0x2c750000)
  eden space 4416K, 100% used [0x27200000, 0x27650000, 0x27650000)
  from space 512K,   4% used [0x27650000, 0x276555b8, 0x276d0000)
  to   space 512K,   0% used [0x276d0000, 0x276d0000, 0x27750000)
 tenured generation   total 10944K, used 265K [0x2c750000, 0x2d200000, 0x37200000)
   the space 10944K,   2% used [0x2c750000, 0x2c792580, 0x2c792600, 0x2d200000)
 compacting perm gen  total 12288K, used 638K [0x37200000, 0x37e00000, 0x3b200000)
   the space 12288K,   5% used [0x37200000, 0x3729f968, 0x3729fa00, 0x37e00000)
    ro space 10240K,  44% used [0x3b200000, 0x3b67c1d8, 0x3b67c200, 0x3bc00000)
    rw space 12288K,  52% used [0x3bc00000, 0x3c2440c0, 0x3c244200, 0x3c800000)
Event: 62.499 GC heap after
Heap after GC invocations=97 (full 0):
 def new generation   total 4928K, used 22K [0x27200000, 0x27750000, 0x2c750000)
  eden space 4416K,   0% used [0x27200000, 0x27200000, 0x27650000)
  from space 512K,   4% used [0x276d0000, 0x276d5888, 0x27750000)
  to   space 512K,   0% used [0x27650000, 0x27650000, 0x276d0000)
 tenured generation   total 10944K, used 265K [0x2c750000, 0x2d200000, 0x37200000)
   the space 10944K,   2% used [0x2c750000, 0x2c792580, 0x2c792600, 0x2d200000)
 compacting perm gen  total 12288K, used 638K [0x37200000, 0x37e00000, 0x3b200000)
   the space 12288K,   5% used [0x37200000, 0x3729f968, 0x3729fa00, 0x37e00000)
    ro space 10240K,  44% used [0x3b200000, 0x3b67c1d8, 0x3b67c200, 0x3bc00000)
    rw space 12288K,  52% used [0x3bc00000, 0x3c2440c0, 0x3c244200, 0x3c800000)
}
Event: 62.931 GC heap before
{Heap before GC invocations=97 (full 0):
 def new generation   total 4928K, used 4438K [0x27200000, 0x27750000, 0x2c750000)
  eden space 4416K, 100% used [0x27200000, 0x27650000, 0x27650000)
  from space 512K,   4% used [0x276d0000, 0x276d5888, 0x27750000)
  to   space 512K,   0% used [0x27650000, 0x27650000, 0x276d0000)
 tenured generation   total 10944K, used 265K [0x2c750000, 0x2d200000, 0x37200000)
   the space 10944K,   2% used [0x2c750000, 0x2c792580, 0x2c792600, 0x2d200000)
 compacting perm gen  total 12288K, used 638K [0x37200000, 0x37e00000, 0x3b200000)
   the space 12288K,   5% used [0x37200000, 0x3729f968, 0x3729fa00, 0x37e00000)
    ro space 10240K,  44% used [0x3b200000, 0x3b67c1d8, 0x3b67c200, 0x3bc00000)
    rw space 12288K,  52% used [0x3bc00000, 0x3c2440c0, 0x3c244200, 0x3c800000)
Event: 62.932 GC heap after
Heap after GC invocations=98 (full 0):
 def new generation   total 4928K, used 23K [0x27200000, 0x27750000, 0x2c750000)
  eden space 4416K,   0% used [0x27200000, 0x27200000, 0x27650000)
  from space 512K,   4% used [0x27650000, 0x27655f18, 0x276d0000)
  to   space 512K,   0% used [0x276d0000, 0x276d0000, 0x27750000)
 tenured generation   total 10944K, used 265K [0x2c750000, 0x2d200000, 0x37200000)
   the space 10944K,   2% used [0x2c750000, 0x2c792580, 0x2c792600, 0x2d200000)
 compacting perm gen  total 12288K, used 638K [0x37200000, 0x37e00000, 0x3b200000)
   the space 12288K,   5% used [0x37200000, 0x3729f968, 0x3729fa00, 0x37e00000)
    ro space 10240K,  44% used [0x3b200000, 0x3b67c1d8, 0x3b67c200, 0x3bc00000)
    rw space 12288K,  52% used [0x3bc00000, 0x3c2440c0, 0x3c244200, 0x3c800000)
}
Event: 63.397 GC heap before
{Heap before GC invocations=98 (full 0):
 def new generation   total 4928K, used 4439K [0x27200000, 0x27750000, 0x2c750000)
  eden space 4416K, 100% used [0x27200000, 0x27650000, 0x27650000)
  from space 512K,   4% used [0x27650000, 0x27655f18, 0x276d0000)
  to   space 512K,   0% used [0x276d0000, 0x276d0000, 0x27750000)
 tenured generation   total 10944K, used 265K [0x2c750000, 0x2d200000, 0x37200000)
   the space 10944K,   2% used [0x2c750000, 0x2c792580, 0x2c792600, 0x2d200000)
 compacting perm gen  total 12288K, used 638K [0x37200000, 0x37e00000, 0x3b200000)
   the space 12288K,   5% used [0x37200000, 0x3729f968, 0x3729fa00, 0x37e00000)
    ro space 10240K,  44% used [0x3b200000, 0x3b67c1d8, 0x3b67c200, 0x3bc00000)
    rw space 12288K,  52% used [0x3bc00000, 0x3c2440c0, 0x3c244200, 0x3c800000)
Event: 63.397 GC heap after
Heap after GC invocations=99 (full 0):
 def new generation   total 4928K, used 24K [0x27200000, 0x27750000, 0x2c750000)
  eden space 4416K,   0% used [0x27200000, 0x27200000, 0x27650000)
  from space 512K,   4% used [0x276d0000, 0x276d6000, 0x27750000)
  to   space 512K,   0% used [0x27650000, 0x27650000, 0x276d0000)
 tenured generation   total 10944K, used 265K [0x2c750000, 0x2d200000, 0x37200000)
   the space 10944K,   2% used [0x2c750000, 0x2c792580, 0x2c792600, 0x2d200000)
 compacting perm gen  total 12288K, used 638K [0x37200000, 0x37e00000, 0x3b200000)
   the space 12288K,   5% used [0x37200000, 0x3729f968, 0x3729fa00, 0x37e00000)
    ro space 10240K,  44% used [0x3b200000, 0x3b67c1d8, 0x3b67c200, 0x3bc00000)
    rw space 12288K,  52% used [0x3bc00000, 0x3c2440c0, 0x3c244200, 0x3c800000)
}
Event: 63.853 GC heap before
{Heap before GC invocations=99 (full 0):
 def new generation   total 4928K, used 4440K [0x27200000, 0x27750000, 0x2c750000)
  eden space 4416K, 100% used [0x27200000, 0x27650000, 0x27650000)
  from space 512K,   4% used [0x276d0000, 0x276d6000, 0x27750000)
  to   space 512K,   0% used [0x27650000, 0x27650000, 0x276d0000)
 tenured generation   total 10944K, used 265K [0x2c750000, 0x2d200000, 0x37200000)
   the space 10944K,   2% used [0x2c750000, 0x2c792580, 0x2c792600, 0x2d200000)
 compacting perm gen  total 12288K, used 638K [0x37200000, 0x37e00000, 0x3b200000)
   the space 12288K,   5% used [0x37200000, 0x3729f968, 0x3729fa00, 0x37e00000)
    ro space 10240K,  44% used [0x3b200000, 0x3b67c1d8, 0x3b67c200, 0x3bc00000)
    rw space 12288K,  52% used [0x3bc00000, 0x3c2440c0, 0x3c244200, 0x3c800000)
Event: 63.853 GC heap after
Heap after GC invocations=100 (full 0):
 def new generation   total 4928K, used 21K [0x27200000, 0x27750000, 0x2c750000)
  eden space 4416K,   0% used [0x27200000, 0x27200000, 0x27650000)
  from space 512K,   4% used [0x27650000, 0x276555e8, 0x276d0000)
  to   space 512K,   0% used [0x276d0000, 0x276d0000, 0x27750000)
 tenured generation   total 10944K, used 270K [0x2c750000, 0x2d200000, 0x37200000)
   the space 10944K,   2% used [0x2c750000, 0x2c7938c0, 0x2c793a00, 0x2d200000)
 compacting perm gen  total 12288K, used 638K [0x37200000, 0x37e00000, 0x3b200000)
   the space 12288K,   5% used [0x37200000, 0x3729f968, 0x3729fa00, 0x37e00000)
    ro space 10240K,  44% used [0x3b200000, 0x3b67c1d8, 0x3b67c200, 0x3bc00000)
    rw space 12288K,  52% used [0x3bc00000, 0x3c2440c0, 0x3c244200, 0x3c800000)
}
Event: 64.301 GC heap before
{Heap before GC invocations=100 (full 0):
 def new generation   total 4928K, used 4437K [0x27200000, 0x27750000, 0x2c750000)
  eden space 4416K, 100% used [0x27200000, 0x27650000, 0x27650000)
  from space 512K,   4% used [0x27650000, 0x276555e8, 0x276d0000)
  to   space 512K,   0% used [0x276d0000, 0x276d0000, 0x27750000)
 tenured generation   total 10944K, used 270K [0x2c750000, 0x2d200000, 0x37200000)
   the space 10944K,   2% used [0x2c750000, 0x2c7938c0, 0x2c793a00, 0x2d200000)
 compacting perm gen  total 12288K, used 638K [0x37200000, 0x37e00000, 0x3b200000)
   the space 12288K,   5% used [0x37200000, 0x3729f968, 0x3729fa00, 0x37e00000)
    ro space 10240K,  44% used [0x3b200000, 0x3b67c1d8, 0x3b67c200, 0x3bc00000)
    rw space 12288K,  52% used [0x3bc00000, 0x3c2440c0, 0x3c244200, 0x3c800000)
Event: 64.301 GC heap after
Heap after GC invocations=101 (full 0):
 def new generation   total 4928K, used 20K [0x27200000, 0x27750000, 0x2c750000)
  eden space 4416K,   0% used [0x27200000, 0x27200000, 0x27650000)
  from space 512K,   3% used [0x276d0000, 0x276d5038, 0x27750000)
  to   space 512K,   0% used [0x27650000, 0x27650000, 0x276d0000)
 tenured generation   total 10944K, used 270K [0x2c750000, 0x2d200000, 0x37200000)
   the space 10944K,   2% used [0x2c750000, 0x2c7938c0, 0x2c793a00, 0x2d200000)
 compacting perm gen  total 12288K, used 638K [0x37200000, 0x37e00000, 0x3b200000)
   the space 12288K,   5% used [0x37200000, 0x3729f968, 0x3729fa00, 0x37e00000)
    ro space 10240K,  44% used [0x3b200000, 0x3b67c1d8, 0x3b67c200, 0x3bc00000)
    rw space 12288K,  52% used [0x3bc00000, 0x3c2440c0, 0x3c244200, 0x3c800000)
}

